c:\users\raul\desktop\sablon_gui\temp_1_functionalitate\temp_1_functionalitate\x64\debug\teste.nativecodeanalysis.xml
c:\users\raul\desktop\sablon_gui\temp_1_functionalitate\temp_1_functionalitate\x64\debug\teste.obj
c:\users\raul\desktop\sablon_gui\temp_1_functionalitate\temp_1_functionalitate\x64\debug\repository.nativecodeanalysis.xml
c:\users\raul\desktop\sablon_gui\temp_1_functionalitate\temp_1_functionalitate\x64\debug\repository.obj
c:\users\raul\desktop\sablon_gui\temp_1_functionalitate\temp_1_functionalitate\x64\debug\qrc_temp_1_functionalitate.nativecodeanalysis.xml
c:\users\raul\desktop\sablon_gui\temp_1_functionalitate\temp_1_functionalitate\x64\debug\qrc_temp_1_functionalitate.obj
c:\users\raul\desktop\sablon_gui\temp_1_functionalitate\temp_1_functionalitate\x64\debug\produs.nativecodeanalysis.xml
c:\users\raul\desktop\sablon_gui\temp_1_functionalitate\temp_1_functionalitate\x64\debug\produs.obj
c:\users\raul\desktop\sablon_gui\temp_1_functionalitate\temp_1_functionalitate\x64\debug\validator.nativecodeanalysis.xml
c:\users\raul\desktop\sablon_gui\temp_1_functionalitate\temp_1_functionalitate\x64\debug\validator.obj
c:\users\raul\desktop\sablon_gui\temp_1_functionalitate\temp_1_functionalitate\x64\debug\main.nativecodeanalysis.xml
c:\users\raul\desktop\sablon_gui\temp_1_functionalitate\temp_1_functionalitate\x64\debug\main.obj
c:\users\raul\desktop\sablon_gui\temp_1_functionalitate\temp_1_functionalitate\x64\debug\gui_obj.nativecodeanalysis.xml
c:\users\raul\desktop\sablon_gui\temp_1_functionalitate\temp_1_functionalitate\x64\debug\gui_obj.obj
c:\users\raul\desktop\sablon_gui\temp_1_functionalitate\temp_1_functionalitate\x64\debug\ui_obj.nativecodeanalysis.xml
c:\users\raul\desktop\sablon_gui\temp_1_functionalitate\temp_1_functionalitate\x64\debug\ui_obj.obj
c:\users\raul\desktop\sablon_gui\temp_1_functionalitate\temp_1_functionalitate\x64\debug\moc_temp_1_functionalitate.nativecodeanalysis.xml
c:\users\raul\desktop\sablon_gui\temp_1_functionalitate\temp_1_functionalitate\x64\debug\moc_temp_1_functionalitate.obj
c:\users\raul\desktop\sablon_gui\temp_1_functionalitate\temp_1_functionalitate\x64\debug\temp_1_functionalitate.nativecodeanalysis.xml
c:\users\raul\desktop\sablon_gui\temp_1_functionalitate\temp_1_functionalitate\x64\debug\temp_1_functionalitate.obj
c:\users\raul\desktop\sablon_gui\temp_1_functionalitate\temp_1_functionalitate\x64\debug\service.nativecodeanalysis.xml
c:\users\raul\desktop\sablon_gui\temp_1_functionalitate\temp_1_functionalitate\x64\debug\service.obj
c:\users\raul\desktop\sablon_gui\temp_1_functionalitate\temp_1_functionalitate\x64\debug\vc141.pdb
c:\users\raul\desktop\sablon_gui\temp_1_functionalitate\x64\debug\temp_1_functionalitate.exe
c:\users\raul\desktop\sablon_gui\temp_1_functionalitate\x64\debug\temp_1_functionalitate.ilk
c:\users\raul\desktop\sablon_gui\temp_1_functionalitate\x64\debug\temp_1_functionalitate.pdb
c:\users\raul\desktop\sablon_gui\temp_1_functionalitate\temp_1_functionalitate\.\generatedfiles\debug\moc_temp_1_functionalitate.cpp
c:\users\raul\desktop\sablon_gui\temp_1_functionalitate\temp_1_functionalitate\.\generatedfiles\qrc_temp_1_functionalitate.cpp
c:\users\raul\desktop\sablon_gui\temp_1_functionalitate\temp_1_functionalitate\generatedfiles\ui_temp_1_functionalitate.h
c:\users\raul\desktop\sablon_gui\temp_1_functionalitate\temp_1_functionalitate\generatedfiles\qrc_temp_1_functionalitate.cpp
c:\users\raul\desktop\sablon_gui\temp_1_functionalitate\temp_1_functionalitate\generatedfiles\debug\moc_temp_1_functionalitate.cpp
c:\users\raul\desktop\sablon_gui\temp_1_functionalitate\temp_1_functionalitate\.\generatedfiles\ui_temp_1_functionalitate.h
c:\users\raul\desktop\sablon_gui\temp_1_functionalitate\temp_1_functionalitate\x64\debug\nativecodeanalysis.read.1.tlog
c:\users\raul\desktop\sablon_gui\temp_1_functionalitate\temp_1_functionalitate\x64\debug\vc.nativecodeanalysis.all.xml
c:\users\raul\desktop\sablon_gui\temp_1_functionalitate\x64\debug\temp_1_functionalitate.exe.lastcodeanalysissucceeded
c:\users\raul\desktop\sablon_gui\temp_1_functionalitate\temp_1_functionalitate\x64\debug\temp_1_f.b12702ad.tlog\cl.command.1.tlog
c:\users\raul\desktop\sablon_gui\temp_1_functionalitate\temp_1_functionalitate\x64\debug\temp_1_f.b12702ad.tlog\cl.read.1.tlog
c:\users\raul\desktop\sablon_gui\temp_1_functionalitate\temp_1_functionalitate\x64\debug\temp_1_f.b12702ad.tlog\cl.write.1.tlog
c:\users\raul\desktop\sablon_gui\temp_1_functionalitate\temp_1_functionalitate\x64\debug\temp_1_f.b12702ad.tlog\link.command.1.tlog
c:\users\raul\desktop\sablon_gui\temp_1_functionalitate\temp_1_functionalitate\x64\debug\temp_1_f.b12702ad.tlog\link.read.1.tlog
c:\users\raul\desktop\sablon_gui\temp_1_functionalitate\temp_1_functionalitate\x64\debug\temp_1_f.b12702ad.tlog\link.write.1.tlog
c:\users\raul\desktop\sablon_gui\temp_1_functionalitate\temp_1_functionalitate\x64\debug\temp_1_f.b12702ad.tlog\moc.read.1u.tlog
c:\users\raul\desktop\sablon_gui\temp_1_functionalitate\temp_1_functionalitate\x64\debug\temp_1_f.b12702ad.tlog\moc.write.1u.tlog
c:\users\raul\desktop\sablon_gui\temp_1_functionalitate\temp_1_functionalitate\x64\debug\temp_1_f.b12702ad.tlog\rcc.read.1u.tlog
c:\users\raul\desktop\sablon_gui\temp_1_functionalitate\temp_1_functionalitate\x64\debug\temp_1_f.b12702ad.tlog\rcc.write.1u.tlog
c:\users\raul\desktop\sablon_gui\temp_1_functionalitate\temp_1_functionalitate\x64\debug\temp_1_f.b12702ad.tlog\temp_1_functionalitate.write.1u.tlog
c:\users\raul\desktop\sablon_gui\temp_1_functionalitate\temp_1_functionalitate\x64\debug\temp_1_f.b12702ad.tlog\uic.read.1u.tlog
c:\users\raul\desktop\sablon_gui\temp_1_functionalitate\temp_1_functionalitate\x64\debug\temp_1_f.b12702ad.tlog\uic.write.1u.tlog
