  GUI_obj.cpp
c:\users\raul\desktop\oop\lab13-14\temp_1_functionalitate\temp_1_functionalitate\repository.h(58): warning C4267: 'return': conversion from 'size_t' to 'int', possible loss of data
  temp_1_functionalitate.vcxproj -> C:\Users\Raul\Desktop\OOP\lab13-14\temp_1_functionalitate\x64\Debug\temp_1_functionalitate.exe
c:\qt\5.12.3\msvc2017_64\include\qtcore\qglobal.h(591): warning C26451: Arithmetic overflow: Using operator '+' on a 4 byte value and then casting the result to a 8 byte value. Cast the value to the wider type before calling operator '+' to avoid overflow (io.2).
c:\qt\5.12.3\msvc2017_64\include\qtcore\qglobal.h(591): warning C26451: Arithmetic overflow: Using operator '+' on a 4 byte value and then casting the result to a 8 byte value. Cast the value to the wider type before calling operator '+' to avoid overflow (io.2).
c:\qt\5.12.3\msvc2017_64\include\qtcore\qglobal.h(591): warning C26451: Arithmetic overflow: Using operator '-' on a 4 byte value and then casting the result to a 8 byte value. Cast the value to the wider type before calling operator '-' to avoid overflow (io.2).
c:\qt\5.12.3\msvc2017_64\include\qtcore\qglobal.h(591): warning C26451: Arithmetic overflow: Using operator '-' on a 4 byte value and then casting the result to a 8 byte value. Cast the value to the wider type before calling operator '-' to avoid overflow (io.2).
c:\qt\5.12.3\msvc2017_64\include\qtgui\qcolor.h(283): warning C26495: Variable 'QColor::cspec' is uninitialized. Always initialize a member variable (type.6).
c:\qt\5.12.3\msvc2017_64\include\qtgui\qcolor.h(286): warning C26495: Variable 'QColor::cspec' is uninitialized. Always initialize a member variable (type.6).
c:\qt\5.12.3\msvc2017_64\include\qtgui\qcolor.h(289): warning C26495: Variable 'QColor::cspec' is uninitialized. Always initialize a member variable (type.6).
c:\qt\5.12.3\msvc2017_64\include\qtgui\qcolor.h(292): warning C26495: Variable 'QColor::cspec' is uninitialized. Always initialize a member variable (type.6).
c:\qt\5.12.3\msvc2017_64\include\qtgui\qcolor.h(296): warning C26495: Variable 'QColor::cspec' is uninitialized. Always initialize a member variable (type.6).
c:\qt\5.12.3\msvc2017_64\include\qtgui\qmatrix.h(60): warning C26495: Variable 'QMatrix::_dy' is uninitialized. Always initialize a member variable (type.6).
c:\qt\5.12.3\msvc2017_64\include\qtgui\qmatrix.h(70): warning C26495: Variable 'QMatrix::_dy' is uninitialized. Always initialize a member variable (type.6).
c:\qt\5.12.3\msvc2017_64\include\qtgui\qpalette.h(71): warning C26495: Variable 'QPalette::<anonymous-tag>::for_faster_swapping_dont_use' is uninitialized. Always initialize a member variable (type.6).
c:\qt\5.12.3\msvc2017_64\include\qtgui\qfontmetrics.h(149): warning C26439: This kind of function may not throw. Declare it 'noexcept' (f.6).
c:\qt\5.12.3\msvc2017_64\include\qtwidgets\qstyleoption.h(144): warning C26495: Variable 'QStyleOptionFrame::lineWidth' is uninitialized. Always initialize a member variable (type.6).
c:\qt\5.12.3\msvc2017_64\include\qtwidgets\qstyleoption.h(172): warning C26495: Variable 'QStyleOptionTabWidgetFrame::midLineWidth' is uninitialized. Always initialize a member variable (type.6).
c:\qt\5.12.3\msvc2017_64\include\qtwidgets\qstyleoption.h(196): warning C26495: Variable 'QStyleOptionTabBarBase::documentMode' is uninitialized. Always initialize a member variable (type.6).
c:\qt\5.12.3\msvc2017_64\include\qtwidgets\qstyleoption.h(227): warning C26495: Variable 'QStyleOptionHeader::section' is uninitialized. Always initialize a member variable (type.6).
c:\qt\5.12.3\msvc2017_64\include\qtwidgets\qstyleoption.h(286): warning C26495: Variable 'QStyleOptionTab::shape' is uninitialized. Always initialize a member variable (type.6).
c:\qt\5.12.3\msvc2017_64\include\qtwidgets\qstyleoption.h(316): warning C26495: Variable 'QStyleOptionToolBar::positionOfLine' is uninitialized. Always initialize a member variable (type.6).
c:\qt\5.12.3\msvc2017_64\include\qtwidgets\qstyleoption.h(343): warning C26495: Variable 'QStyleOptionProgressBar::invertedAppearance' is uninitialized. Always initialize a member variable (type.6).
c:\qt\5.12.3\msvc2017_64\include\qtwidgets\qstyleoption.h(373): warning C26495: Variable 'QStyleOptionMenuItem::maxIconWidth' is uninitialized. Always initialize a member variable (type.6).
c:\qt\5.12.3\msvc2017_64\include\qtwidgets\qstyleoption.h(392): warning C26495: Variable 'QStyleOptionDockWidget::movable' is uninitialized. Always initialize a member variable (type.6).
c:\qt\5.12.3\msvc2017_64\include\qtwidgets\qstyleoption.h(443): warning C26495: Variable 'QStyleOptionViewItem::decorationPosition' is uninitialized. Always initialize a member variable (type.6).
c:\qt\5.12.3\msvc2017_64\include\qtwidgets\qstyleoption.h(473): warning C26495: Variable 'QStyleOptionToolBox::position' is uninitialized. Always initialize a member variable (type.6).
c:\qt\5.12.3\msvc2017_64\include\qtwidgets\qstyleoption.h(492): warning C26495: Variable 'QStyleOptionRubberBand::opaque' is uninitialized. Always initialize a member variable (type.6).
c:\qt\5.12.3\msvc2017_64\include\qtwidgets\qstyleoption.h(534): warning C26495: Variable 'QStyleOptionSlider::dialWrapping' is uninitialized. Always initialize a member variable (type.6).
c:\qt\5.12.3\msvc2017_64\include\qtwidgets\qstyleoption.h(553): warning C26495: Variable 'QStyleOptionSpinBox::frame' is uninitialized. Always initialize a member variable (type.6).
c:\qt\5.12.3\msvc2017_64\include\qtwidgets\qstyleoption.h(580): warning C26495: Variable 'QStyleOptionToolButton::arrowType' is uninitialized. Always initialize a member variable (type.6).
c:\qt\5.12.3\msvc2017_64\include\qtwidgets\qstyleoption.h(602): warning C26495: Variable 'QStyleOptionComboBox::editable' is uninitialized. Always initialize a member variable (type.6).
c:\qt\5.12.3\msvc2017_64\include\qtwidgets\qstyleoption.h(620): warning C26495: Variable 'QStyleOptionTitleBar::titleBarState' is uninitialized. Always initialize a member variable (type.6).
c:\qt\5.12.3\msvc2017_64\include\qtwidgets\qstyleoption.h(640): warning C26495: Variable 'QStyleOptionGroupBox::lineWidth' is uninitialized. Always initialize a member variable (type.6).
c:\qt\5.12.3\msvc2017_64\include\qtwidgets\qstyleoption.h(654): warning C26495: Variable 'QStyleOptionSizeGrip::corner' is uninitialized. Always initialize a member variable (type.6).
c:\qt\5.12.3\msvc2017_64\include\qtwidgets\qstyleoption.h(670): warning C26495: Variable 'QStyleOptionGraphicsItem::levelOfDetail' is uninitialized. Always initialize a member variable (type.6).
c:\qt\5.12.3\msvc2017_64\include\qtcore\qvariant.h(721): warning C26498: The function 'qMetaTypeId<QPair<QVariant,QVariant> >' is constexpr, mark variable 'vid' constexpr if compile-time evaluation is desired (con.5).
c:\qt\5.12.3\msvc2017_64\include\qtcore\qstringview.h(207): warning C26495: Variable 'QStringView::m_data' is uninitialized. Always initialize a member variable (type.6).
c:\qt\5.12.3\msvc2017_64\include\qtcore\qmetatype.h(2287): warning C26498: The function 'qMetaTypeId<QtMetaTypePrivate::QPairVariantInterfaceImpl>' is constexpr, mark variable 'toId' constexpr if compile-time evaluation is desired (con.5).
c:\qt\5.12.3\msvc2017_64\include\qtcore\qmetatype.h(2304): warning C26498: The function 'qMetaTypeId<QtMetaTypePrivate::QSequentialIterableImpl>' is constexpr, mark variable 'toId' constexpr if compile-time evaluation is desired (con.5).
